Unity Player [version: Unity 4.5.4f1_e036f44c54c9]

OculusPlugin.DLL caused an Access Violation (0xc0000005)
  in module OculusPlugin.DLL at 0033:f6e81fce.

Error occurred at 2014-09-14_001308.
C:\Users\pennapps\Documents\afterwards\afterwards.exe, run by pennapps.
19% memory in use.
12239 MB physical memory [9880 MB free].
24475 MB paging file [21594 MB free].
8388608 MB user address space [8388307 MB free].
Read from location 00000000 caused an access violation.

Context:
RDI:    0x05127d50  RSI: 0x00000000  RAX:   0x00000000
RBX:    0x00000000  RCX: 0x05127e10  RDX:   0x05127e10
RIP:    0xf6e81fce  RBP: 0x001be599  SegCs: 0x00000033
EFlags: 0x00010202  RSP: 0x001be500  SegSs: 0x0000002b
R8:    0x00000018  R9: 0x00000030  R10:   0x00000018
R11:    0x00000001  R12: 0xf6f00c10  R13:   0x001be868
R14:    0x09cfb4c8  R15: 0x001be808

Bytes at CS:EIP:
48 8b 00 48 89 41 10 c7 41 18 08 00 00 00 48 8d Module 1
C:\Windows\system32\ksuser.dll
Image Base: 0x75630000  Image Size: 0x00006000
File Size:  5120        File Time:  2009-07-13_204114
Version:
   Company:    Microsoft Corporation
   Product:    Microsoft® Windows® Operating System
   FileDesc:   User CSA Library
   FileVer:    6.1.7600.16385
   ProdVer:    6.1.7600.16385

Module 2
C:\Windows\system32\kernel32.dll
Image Base: 0x77a20000  Image Size: 0x0011f000
File Size:  1163264     File Time:  2014-03-04_044402
Version:
   Company:    Microsoft Corporation
   Product:    Microsoft® Windows® Operating System
   FileDesc:   Windows NT BASE API Client DLL
   FileVer:    6.1.7601.18409
   ProdVer:    6.1.7601.18409

Module 3
C:\Windows\system32\USER32.dll
Image Base: 0x77b40000  Image Size: 0x000fa000
File Size:  1008128     File Time:  2010-11-20_222410
Version:
   Company:    Microsoft Corporation
   Product:    Microsoft® Windows® Operating System
   FileDesc:   Multi-User Windows USER API Client DLL
   FileVer:    6.1.7601.17514
   ProdVer:    6.1.7601.17514

Module 4
C:\Windows\SYSTEM32\ntdll.dll
Image Base: 0x77c40000  Image Size: 0x001a9000
File Size:  1732032     File Time:  2013-08-28_211636
Version:
   Company:    Microsoft Corporation
   Product:    Microsoft® Windows® Operating System
   FileDesc:   NT Layer DLL
   FileVer:    6.1.7601.18247
   ProdVer:    6.1.7601.18247

Module 5
C:\Windows\system32\PSAPI.DLL
Image Base: 0x77e00000  Image Size: 0x00007000
File Size:  9216        File Time:  2009-07-13_204154
Version:
   Company:    Microsoft Corporation
   Product:    Microsoft® Windows® Operating System
   FileDesc:   Process Status Helper
   FileVer:    6.1.7600.16385
   ProdVer:    6.1.7600.16385


== [end of error.log] ==
